<?xml version="1.0" encoding="UTF-8"?>
<testsuite name="card.DebitCard" tests="1" skipped="0" failures="0" errors="0" timestamp="2024-03-17T14:43:41" hostname="marcos-Hp" time="0.05">
  <properties/>
  <testcase name="creditHasNoFunds()" classname="card.DebitCard" time="0.05"/>
  <system-out><![CDATA[]]></system-out>
  <system-err><![CDATA[]]></system-err>
</testsuite>
